<?xml version="1.0" encoding="UTF-8"?>
<testng-results ignored="0" total="1" passed="1" failed="0" skipped="0">
  <reporter-output>
  </reporter-output>
  <suite started-at="2021-09-23T20:00:39 CDT" name="Surefire suite" finished-at="2021-09-23T20:00:41 CDT" duration-ms="2092">
    <groups>
      <group name="cucumber">
        <method signature="AbstractTestNGCucumberTests.runScenario(io.cucumber.testng.PickleWrapper, io.cucumber.testng.FeatureWrapper)[pri:0, instance:smoketests.CucumberRunnerTest@1ad282e0]" name="runScenario" class="io.cucumber.testng.AbstractTestNGCucumberTests"/>
      </group> <!-- cucumber -->
    </groups>
    <test started-at="2021-09-23T20:00:39 CDT" name="Surefire test" finished-at="2021-09-23T20:00:41 CDT" duration-ms="2092">
      <class name="smoketests.CucumberRunnerTest">
        <test-method is-config="true" signature="setUpClass()[pri:0, instance:smoketests.CucumberRunnerTest@1ad282e0]" started-at="2021-09-23T20:00:39 CDT" name="setUpClass" finished-at="2021-09-23T20:00:39 CDT" duration-ms="226" status="PASS">
          <reporter-output>
          </reporter-output>
        </test-method> <!-- setUpClass -->
        <test-method signature="runScenario(io.cucumber.testng.PickleWrapper, io.cucumber.testng.FeatureWrapper)[pri:0, instance:smoketests.CucumberRunnerTest@1ad282e0]" started-at="2021-09-23T20:00:39 CDT" name="runScenario" description="Runs Cucumber Scenarios" data-provider="scenarios" finished-at="2021-09-23T20:00:41 CDT" duration-ms="1792" status="PASS">
          <params>
            <param index="0">
              <value>
                <![CDATA["Creating GET Call for Single User"]]>
              </value>
            </param>
            <param index="1">
              <value>
                <![CDATA["Creating smoke test for regres.in API callcle"]]>
              </value>
            </param>
          </params>
          <reporter-output>
          </reporter-output>
        </test-method> <!-- runScenario -->
        <test-method is-config="true" signature="tearDownClass()[pri:0, instance:smoketests.CucumberRunnerTest@1ad282e0]" started-at="2021-09-23T20:00:41 CDT" name="tearDownClass" finished-at="2021-09-23T20:00:41 CDT" duration-ms="54" status="PASS">
          <reporter-output>
          </reporter-output>
        </test-method> <!-- tearDownClass -->
      </class> <!-- smoketests.CucumberRunnerTest -->
    </test> <!-- Surefire test -->
  </suite> <!-- Surefire suite -->
</testng-results>
